2019-10-01 18:01:20,065 - my_operator - INFO - {'transactionId':1640C40A-01EE-4F77-9ADE-E1C87B3A8A92,'systemName':VEERANJANEYULU,'moduleName':'MyOperator','timeStamp':2019-10-01 18:01:20,'apiName':/myOperatorBookAppointment,'status':'START','payLoad':[None]}
2019-10-01 18:01:20,136 - my_operator - INFO - {'transactionId':1640C40A-01EE-4F77-9ADE-E1C87B3A8A92,'systemName':VEERANJANEYULU,'moduleName':'MyOperator','timeStamp':2019-10-01 18:01:20,'apiName':/myOperatorBookAppointment,'status':'ERROR','exception':Traceback (most recent call last):
  File "myoperator_api.py", line 813, in book_appointment
    message = confirm_appointment_node(conn, org_id, uid, selected_input_option, mobile_no)
  File "myoperator_api.py", line 677, in confirm_appointment_node
    return confirmation_message.format(doctor_name, appointment_dt.split(' ')[1])
IndexError: tuple index out of range
,'payLoad':[]}
2019-10-01 18:01:58,199 - my_operator - INFO - {'transactionId':12F5E116-3428-47C1-86DD-0CDCA9103732,'systemName':VEERANJANEYULU,'moduleName':'MyOperator','timeStamp':2019-10-01 18:01:58,'apiName':/myOperatorBookAppointment,'status':'START','payLoad':[None]}
2019-10-01 18:01:58,316 - my_operator - INFO - {'transactionId':12F5E116-3428-47C1-86DD-0CDCA9103732,'systemName':VEERANJANEYULU,'moduleName':'MyOperator','timeStamp':2019-10-01 18:01:58,'apiName':/myOperatorBookAppointment,'status':'ERROR','exception':Traceback (most recent call last):
  File "myoperator_api.py", line 813, in book_appointment
    message = confirm_appointment_node(conn, org_id, uid, selected_input_option, mobile_no)
  File "myoperator_api.py", line 677, in confirm_appointment_node
    return confirmation_message.format(doctor_name, appointment_dt.split(' ')[1])
IndexError: tuple index out of range
,'payLoad':[]}
2019-10-01 18:02:14,930 - my_operator - INFO - {'transactionId':C8B07594-A26C-484D-9C6E-36F028584B62,'systemName':VEERANJANEYULU,'moduleName':'MyOperator','timeStamp':2019-10-01 18:02:14,'apiName':/myOperatorBookAppointment,'status':'START','payLoad':[None]}
2019-10-01 18:02:15,049 - my_operator - INFO - {'transactionId':C8B07594-A26C-484D-9C6E-36F028584B62,'systemName':VEERANJANEYULU,'moduleName':'MyOperator','timeStamp':2019-10-01 18:02:15,'apiName':/myOperatorBookAppointment,'status':'ERROR','exception':Traceback (most recent call last):
  File "myoperator_api.py", line 813, in book_appointment
    message = confirm_appointment_node(conn, org_id, uid, selected_input_option, mobile_no)
  File "myoperator_api.py", line 677, in confirm_appointment_node
    return confirmation_message.format(doctor_name, appointment_dt.split(' ')[1])
IndexError: tuple index out of range
,'payLoad':[]}
2019-10-01 18:02:27,356 - my_operator - INFO - {'transactionId':0B06FC32-73B8-44DF-B583-743D60F87748,'systemName':VEERANJANEYULU,'moduleName':'MyOperator','timeStamp':2019-10-01 18:02:27,'apiName':/myOperatorBookAppointment,'status':'START','payLoad':[None]}
2019-10-01 18:02:27,438 - my_operator - INFO - {'transactionId':0B06FC32-73B8-44DF-B583-743D60F87748,'systemName':VEERANJANEYULU,'moduleName':'MyOperator','timeStamp':2019-10-01 18:02:27,'apiName':/myOperatorBookAppointment,'status':'ERROR','exception':Traceback (most recent call last):
  File "myoperator_api.py", line 813, in book_appointment
    message = confirm_appointment_node(conn, org_id, uid, selected_input_option, mobile_no)
  File "myoperator_api.py", line 677, in confirm_appointment_node
    return confirmation_message.format(doctor_name, appointment_dt.split(' ')[1])
IndexError: tuple index out of range
,'payLoad':[]}
2019-10-01 18:06:11,210 - my_operator - INFO - {'transactionId':F5C20CAD-3213-4CBA-B449-AC85F18ED3CF,'systemName':VEERANJANEYULU,'moduleName':'MyOperator','timeStamp':2019-10-01 18:06:11,'apiName':/myOperatorBookAppointment,'status':'START','payLoad':[None]}
2019-10-01 18:06:11,462 - my_operator - INFO - {'transactionId':F5C20CAD-3213-4CBA-B449-AC85F18ED3CF,'systemName':VEERANJANEYULU,'moduleName':'MyOperator','timeStamp':2019-10-01 18:06:11,'apiName':/myOperatorBookAppointment,'status':'END','payLoad':[None]}
