2019-09-16 16:25:49,593 - erx-top-suggestions - INFO - SCHEDULER: EXECUTED FOR EMPLOYEES LESS THAN ONE MONTH ---2019-09-16 16:25:49.593109
2019-09-16 16:25:51,712 - erx-top-suggestions - INFO - SCHEDULER: EXECUTED FOR EMPLOYEES LESS THAN ONE MONTH ---2019-09-16 16:25:51.712405
2019-09-16 16:26:29,400 - erx-top-suggestions - INFO - TERMINATED
2019-09-16 16:26:29,470 - erx-top-suggestions - INFO - TERMINATED
2019-09-16 16:28:27,645 - erx-top-suggestions - INFO - SCHEDULER: EXECUTED FOR EMPLOYEES LESS THAN ONE MONTH ---2019-09-16 16:28:27.645392
2019-09-16 16:28:29,270 - erx-top-suggestions - INFO - SCHEDULER: EXECUTED FOR EMPLOYEES LESS THAN ONE MONTH ---2019-09-16 16:28:29.270873
2019-09-16 16:43:48,157 - erx-top-suggestions - INFO - TERMINATED
2019-09-16 16:43:48,234 - erx-top-suggestions - INFO - TERMINATED
2019-09-16 16:45:25,445 - erx-top-suggestions - INFO - SCHEDULER: EXECUTED FOR EMPLOYEES LESS THAN ONE MONTH ---2019-09-16 16:45:25.445874
2019-09-16 16:45:25,698 - erx-top-suggestions - INFO - SCHEDULER: EXECUTED FOR EMPLOYEES MORE THAN ONE MONTH AND LESS THAN SIX MONTHS ---2019-09-16 16:45:25.698262
2019-09-16 16:45:25,840 - erx-top-suggestions - INFO - SCHEDULER: EXECUTED FOR EMPLOYEES MORE THAN SIX MONTHS AND LESS THAN ONE YEAR ---2019-09-16 16:45:25.840959
2019-09-16 16:45:27,177 - erx-top-suggestions - INFO - SCHEDULER: EXECUTED FOR EMPLOYEES LESS THAN ONE MONTH ---2019-09-16 16:45:27.176363
2019-09-16 16:45:27,270 - erx-top-suggestions - INFO - SCHEDULER: EXECUTED FOR EMPLOYEES MORE THAN ONE MONTH AND LESS THAN SIX MONTHS ---2019-09-16 16:45:27.270195
2019-09-16 16:45:27,416 - erx-top-suggestions - INFO - SCHEDULER: EXECUTED FOR EMPLOYEES MORE THAN SIX MONTHS AND LESS THAN ONE YEAR ---2019-09-16 16:45:27.416623
2019-09-16 17:47:12,158 - erx-top-suggestions - INFO - {'transactionId':D3540DDE-8541-4F47-819B-1D50F74A45BE,'systemName':VEERANJANEYULU,'moduleName':'Erx-Suggestions','timeStamp':2019-09-16 17:47:12,'apiName':None,'status':'START','payLoad':[None]}
2019-09-16 17:49:29,103 - erx-top-suggestions - INFO - {'transactionId':7D5AC957-A9C0-4909-9A3B-B6AD0048DE70,'systemName':VEERANJANEYULU,'moduleName':'Erx-Suggestions','timeStamp':2019-09-16 17:49:29,'apiName':None,'status':'START','payLoad':[None]}
2019-09-16 17:49:58,908 - erx-top-suggestions - INFO - {'transactionId':6FE41E79-29A3-4802-AF40-D6CE00E668B0,'systemName':VEERANJANEYULU,'moduleName':'Erx-Suggestions','timeStamp':2019-09-16 17:49:58,'apiName':None,'status':'START','payLoad':[None]}
2019-09-16 17:50:16,124 - erx-top-suggestions - INFO - {'transactionId':728B0C4B-37F7-4B0A-8D3C-81E52C74B376,'systemName':VEERANJANEYULU,'moduleName':'Erx-Suggestions','timeStamp':2019-09-16 17:50:16,'apiName':None,'status':'START','payLoad':[None]}
2019-09-16 17:51:18,323 - erx-top-suggestions - INFO - {'transactionId':45EA0A71-388A-467F-B12B-14BFB091CD75,'systemName':VEERANJANEYULU,'moduleName':'Erx-Suggestions','timeStamp':2019-09-16 17:51:18,'apiName':None,'status':'START','payLoad':[None]}
2019-09-16 17:51:27,739 - erx-top-suggestions - INFO - {'transactionId':94A3BEC9-9E64-409F-A71F-6855FE2CCBC3,'systemName':VEERANJANEYULU,'moduleName':'Erx-Suggestions','timeStamp':2019-09-16 17:51:27,'apiName':None,'status':'START','payLoad':[None]}
2019-09-16 17:52:22,350 - erx-top-suggestions - INFO - TERMINATED
2019-09-16 17:52:22,546 - erx-top-suggestions - INFO - TERMINATED
2019-09-16 18:38:19,342 - erx-top-suggestions - INFO - SCHEDULER: EXECUTED FOR EMPLOYEES LESS THAN ONE MONTH ---2019-09-16 18:38:19.342840
2019-09-16 18:38:21,236 - erx-top-suggestions - INFO - SCHEDULER: EXECUTED FOR EMPLOYEES LESS THAN ONE MONTH ---2019-09-16 18:38:21.236823
2019-09-16 18:38:45,085 - erx-top-suggestions - INFO - TERMINATED
2019-09-16 18:39:47,364 - erx-top-suggestions - INFO - SCHEDULER: EXECUTED FOR EMPLOYEES LESS THAN ONE MONTH ---2019-09-16 18:39:47.364131
2019-09-16 18:40:13,954 - erx-top-suggestions - INFO - TERMINATED
2019-09-16 18:40:15,762 - erx-top-suggestions - INFO - TERMINATED
2019-09-16 18:51:13,637 - erx-top-suggestions - INFO - TERMINATED
2019-09-16 18:51:35,570 - erx-top-suggestions - INFO - SCHEDULER: EXECUTED FOR EMPLOYEES LESS THAN ONE MONTH ---2019-09-16 18:51:35.570736
2019-09-16 18:52:15,371 - erx-top-suggestions - INFO - SCHEDULER: EXECUTED FOR EMPLOYEES LESS THAN ONE MONTH ---2019-09-16 18:52:15.371165
2019-09-16 18:52:15,490 - erx-top-suggestions - INFO - SCHEDULER: EXECUTED FOR EMPLOYEES MORE THAN ONE MONTH AND LESS THAN SIX MONTHS ---2019-09-16 18:52:15.490711
2019-09-16 18:52:15,635 - erx-top-suggestions - INFO - SCHEDULER: EXECUTED FOR EMPLOYEES MORE THAN SIX MONTHS AND LESS THAN ONE YEAR ---2019-09-16 18:52:15.635253
2019-09-16 18:53:40,841 - erx-top-suggestions - INFO - TERMINATED
2019-09-16 18:53:40,949 - erx-top-suggestions - INFO - TERMINATED
2019-09-16 18:53:58,048 - erx-top-suggestions - INFO - TERMINATED
2019-09-16 18:54:14,099 - erx-top-suggestions - INFO - TERMINATED
2019-09-16 18:54:23,682 - erx-top-suggestions - INFO - TERMINATED
2019-09-16 18:54:37,595 - erx-top-suggestions - INFO - TERMINATED
2019-09-16 18:54:44,087 - erx-top-suggestions - INFO - SCHEDULER: EXECUTED FOR EMPLOYEES LESS THAN ONE MONTH ---2019-09-16 18:54:44.087401
2019-09-16 18:54:44,183 - erx-top-suggestions - INFO - SCHEDULER: EXECUTED FOR EMPLOYEES MORE THAN ONE MONTH AND LESS THAN SIX MONTHS ---2019-09-16 18:54:44.183396
2019-09-16 18:54:44,335 - erx-top-suggestions - INFO - SCHEDULER: EXECUTED FOR EMPLOYEES MORE THAN SIX MONTHS AND LESS THAN ONE YEAR ---2019-09-16 18:54:44.335944
2019-09-16 18:54:45,305 - erx-top-suggestions - INFO - TERMINATED
2019-09-16 18:55:46,986 - erx-top-suggestions - INFO - SCHEDULER: EXECUTED FOR EMPLOYEES LESS THAN ONE MONTH ---2019-09-16 18:55:46.986843
2019-09-16 18:58:19,882 - erx-top-suggestions - INFO - TERMINATED
2019-09-16 18:58:21,384 - erx-top-suggestions - INFO - TERMINATED
2019-09-16 19:01:08,948 - erx-top-suggestions - INFO - SCHEDULER: EXECUTED FOR EMPLOYEES LESS THAN ONE MONTH ---2019-09-16 19:01:08.947877
2019-09-16 19:01:10,569 - erx-top-suggestions - INFO - SCHEDULER: EXECUTED FOR EMPLOYEES LESS THAN ONE MONTH ---2019-09-16 19:01:10.569644
2019-09-16 19:02:09,436 - erx-top-suggestions - INFO - TERMINATED
2019-09-16 19:03:10,895 - erx-top-suggestions - INFO - SCHEDULER: EXECUTED FOR EMPLOYEES LESS THAN ONE MONTH ---2019-09-16 19:03:10.895516
2019-09-16 19:07:13,265 - erx-top-suggestions - INFO - TERMINATED
2019-09-16 19:07:13,342 - erx-top-suggestions - INFO - TERMINATED
2019-09-16 19:08:21,008 - erx-top-suggestions - INFO - SCHEDULER: EXECUTED FOR EMPLOYEES LESS THAN ONE MONTH ---2019-09-16 19:08:21.008165
2019-09-16 19:08:21,080 - erx-top-suggestions - INFO - SCHEDULER: EXECUTED FOR EMPLOYEES MORE THAN ONE MONTH AND LESS THAN SIX MONTHS ---2019-09-16 19:08:21.080970
2019-09-16 19:08:21,243 - erx-top-suggestions - INFO - SCHEDULER: EXECUTED FOR EMPLOYEES MORE THAN SIX MONTHS AND LESS THAN ONE YEAR ---2019-09-16 19:08:21.243909
2019-09-16 19:08:23,454 - erx-top-suggestions - INFO - SCHEDULER: EXECUTED FOR EMPLOYEES LESS THAN ONE MONTH ---2019-09-16 19:08:23.454699
2019-09-16 19:08:23,509 - erx-top-suggestions - INFO - SCHEDULER: EXECUTED FOR EMPLOYEES MORE THAN ONE MONTH AND LESS THAN SIX MONTHS ---2019-09-16 19:08:23.509555
2019-09-16 19:08:23,594 - erx-top-suggestions - INFO - SCHEDULER: EXECUTED FOR EMPLOYEES MORE THAN SIX MONTHS AND LESS THAN ONE YEAR ---2019-09-16 19:08:23.594285
2019-09-16 19:23:02,762 - erx-top-suggestions - INFO - TERMINATED
2019-09-16 19:23:33,441 - erx-top-suggestions - INFO - TERMINATED
2019-09-16 19:24:34,876 - erx-top-suggestions - INFO - SCHEDULER: EXECUTED FOR EMPLOYEES LESS THAN ONE MONTH ---2019-09-16 19:24:34.876454
2019-09-16 19:24:34,937 - erx-top-suggestions - INFO - SCHEDULER: EXECUTED FOR EMPLOYEES MORE THAN ONE MONTH AND LESS THAN SIX MONTHS ---2019-09-16 19:24:34.937249
2019-09-16 19:24:35,018 - erx-top-suggestions - INFO - SCHEDULER: EXECUTED FOR EMPLOYEES MORE THAN SIX MONTHS AND LESS THAN ONE YEAR ---2019-09-16 19:24:35.018033
2019-09-16 19:25:03,949 - erx-top-suggestions - INFO - TERMINATED
2019-09-16 19:25:13,487 - erx-top-suggestions - INFO - TERMINATED
2019-09-16 19:25:13,562 - erx-top-suggestions - INFO - TERMINATED
2019-09-16 19:25:25,892 - erx-top-suggestions - INFO - TERMINATED
2019-09-16 19:25:25,969 - erx-top-suggestions - INFO - TERMINATED
2019-09-16 19:27:03,577 - erx-top-suggestions - INFO - SCHEDULER: EXECUTED FOR EMPLOYEES LESS THAN ONE MONTH ---2019-09-16 19:27:03.577416
2019-09-16 19:27:03,635 - erx-top-suggestions - INFO - SCHEDULER: EXECUTED FOR EMPLOYEES MORE THAN ONE MONTH AND LESS THAN SIX MONTHS ---2019-09-16 19:27:03.635269
2019-09-16 19:27:03,714 - erx-top-suggestions - INFO - SCHEDULER: EXECUTED FOR EMPLOYEES MORE THAN SIX MONTHS AND LESS THAN ONE YEAR ---2019-09-16 19:27:03.713022
2019-09-16 19:27:05,890 - erx-top-suggestions - INFO - SCHEDULER: EXECUTED FOR EMPLOYEES LESS THAN ONE MONTH ---2019-09-16 19:27:05.890306
2019-09-16 19:27:05,960 - erx-top-suggestions - INFO - SCHEDULER: EXECUTED FOR EMPLOYEES MORE THAN ONE MONTH AND LESS THAN SIX MONTHS ---2019-09-16 19:27:05.960059
2019-09-16 19:27:06,077 - erx-top-suggestions - INFO - SCHEDULER: EXECUTED FOR EMPLOYEES MORE THAN SIX MONTHS AND LESS THAN ONE YEAR ---2019-09-16 19:27:06.077744
2019-09-16 19:29:59,160 - erx-top-suggestions - INFO - TERMINATED
2019-09-16 19:30:55,055 - erx-top-suggestions - INFO - TERMINATED
2019-09-16 19:31:56,902 - erx-top-suggestions - INFO - SCHEDULER: EXECUTED FOR EMPLOYEES LESS THAN ONE MONTH ---2019-09-16 19:31:56.902565
2019-09-16 19:31:57,001 - erx-top-suggestions - INFO - SCHEDULER: EXECUTED FOR EMPLOYEES MORE THAN ONE MONTH AND LESS THAN SIX MONTHS ---2019-09-16 19:31:57.001304
2019-09-16 19:31:57,144 - erx-top-suggestions - INFO - SCHEDULER: EXECUTED FOR EMPLOYEES MORE THAN SIX MONTHS AND LESS THAN ONE YEAR ---2019-09-16 19:31:57.144956
2019-09-16 19:33:21,102 - erx-top-suggestions - INFO - TERMINATED
2019-09-16 19:33:51,274 - erx-top-suggestions - INFO - TERMINATED
2019-09-16 19:33:57,920 - erx-top-suggestions - INFO - TERMINATED
2019-09-16 19:33:58,051 - erx-top-suggestions - INFO - TERMINATED
2019-09-16 19:44:25,931 - erx-top-suggestions - INFO - TERMINATED
2019-09-16 19:46:05,285 - erx-top-suggestions - INFO - SCHEDULER: EXECUTED FOR EMPLOYEES LESS THAN ONE MONTH ---2019-09-16 19:46:05.285694
2019-09-16 19:46:05,387 - erx-top-suggestions - INFO - SCHEDULER: EXECUTED FOR EMPLOYEES MORE THAN ONE MONTH AND LESS THAN SIX MONTHS ---2019-09-16 19:46:05.387422
2019-09-16 19:46:05,539 - erx-top-suggestions - INFO - SCHEDULER: EXECUTED FOR EMPLOYEES MORE THAN SIX MONTHS AND LESS THAN ONE YEAR ---2019-09-16 19:46:05.539016
2019-09-16 19:46:07,533 - erx-top-suggestions - INFO - SCHEDULER: EXECUTED FOR EMPLOYEES LESS THAN ONE MONTH ---2019-09-16 19:46:07.533952
2019-09-16 19:46:07,598 - erx-top-suggestions - INFO - SCHEDULER: EXECUTED FOR EMPLOYEES MORE THAN ONE MONTH AND LESS THAN SIX MONTHS ---2019-09-16 19:46:07.598775
2019-09-16 19:46:07,688 - erx-top-suggestions - INFO - SCHEDULER: EXECUTED FOR EMPLOYEES MORE THAN SIX MONTHS AND LESS THAN ONE YEAR ---2019-09-16 19:46:07.688537
2019-09-16 19:46:32,521 - erx-top-suggestions - INFO - TERMINATED
2019-09-16 19:46:32,597 - erx-top-suggestions - INFO - TERMINATED
2019-09-17 11:49:12,346 - erx-top-suggestions - INFO - TERMINATED
2019-09-17 11:49:28,524 - erx-top-suggestions - INFO - TERMINATED
2019-09-17 11:49:28,618 - erx-top-suggestions - INFO - TERMINATED
2019-09-17 11:50:24,381 - erx-top-suggestions - INFO - TERMINATED
2019-09-17 11:50:26,659 - erx-top-suggestions - INFO - Error while connecting to PostgreSQL
2019-09-17 11:50:30,427 - erx-top-suggestions - INFO - TERMINATED
2019-09-17 11:50:30,552 - erx-top-suggestions - INFO - TERMINATED
2019-09-17 11:50:33,929 - erx-top-suggestions - INFO - Error while connecting to PostgreSQL
2019-09-17 11:50:36,523 - erx-top-suggestions - INFO - Error while connecting to PostgreSQL
2019-09-17 11:57:17,929 - erx-top-suggestions - INFO - TERMINATED
2019-09-17 11:57:18,007 - erx-top-suggestions - INFO - TERMINATED
2019-09-17 11:57:20,621 - erx-top-suggestions - INFO - Error while connecting to PostgreSQL
2019-09-17 11:57:23,102 - erx-top-suggestions - INFO - Error while connecting to PostgreSQL
2019-09-17 11:58:56,598 - erx-top-suggestions - INFO - TERMINATED
2019-09-17 11:58:58,375 - erx-top-suggestions - INFO - Error while connecting to PostgreSQL
2019-09-17 11:59:10,149 - erx-top-suggestions - INFO - TERMINATED
2019-09-17 11:59:12,570 - erx-top-suggestions - INFO - Error while connecting to PostgreSQL
2019-09-17 12:03:08,920 - erx-top-suggestions - INFO - TERMINATED
2019-09-17 12:03:09,029 - erx-top-suggestions - INFO - TERMINATED
2019-09-17 14:05:07,706 - erx-top-suggestions - INFO - Error while connecting to PostgreSQL
2019-09-17 14:05:10,868 - erx-top-suggestions - INFO - Error while connecting to PostgreSQL
2019-09-17 14:06:07,632 - erx-top-suggestions - INFO - TERMINATED
2019-09-17 14:06:08,804 - erx-top-suggestions - INFO - TERMINATED
